[debug] [2024-11-28T00:38:25.064Z] ----------------------------------------------------------------------
[debug] [2024-11-28T00:38:25.066Z] Command:       C:\Program Files\nodejs\node.exe C:\Users\DEEPA\AppData\Roaming\npm\node_modules\firebase-tools\lib\bin\firebase.js init
[debug] [2024-11-28T00:38:25.066Z] CLI Version:   13.27.0
[debug] [2024-11-28T00:38:25.066Z] Platform:      win32
[debug] [2024-11-28T00:38:25.066Z] Node Version:  v22.11.0
[debug] [2024-11-28T00:38:25.067Z] Time:          Thu Nov 28 2024 06:08:25 GMT+0530 (India Standard Time)
[debug] [2024-11-28T00:38:25.067Z] ----------------------------------------------------------------------
[debug] 
[debug] [2024-11-28T00:38:25.072Z] > command requires scopes: ["email","openid","https://www.googleapis.com/auth/cloudplatformprojects.readonly","https://www.googleapis.com/auth/firebase","https://www.googleapis.com/auth/cloud-platform"]
[debug] [2024-11-28T00:38:25.073Z] > authorizing via signed-in user (xchirxg@gmail.com)
[info] 
     ######## #### ########  ######## ########     ###     ######  ########
     ##        ##  ##     ## ##       ##     ##  ##   ##  ##       ##
     ######    ##  ########  ######   ########  #########  ######  ######
     ##        ##  ##    ##  ##       ##     ## ##     ##       ## ##
     ##       #### ##     ## ######## ########  ##     ##  ######  ########

You're about to initialize a Firebase project in this directory:

  C:\Users\DEEPA\Desktop\MyQz

[info] 
=== Project Setup
[info] 
[info] First, let's associate this project directory with a Firebase project.
[info] You can create multiple project aliases by running firebase use --add, 
[info] but for now we'll just set up a default project.
[info] 
[debug] [2024-11-28T00:41:43.234Z] Checked if tokens are valid: true, expires at: 1732757266221
[debug] [2024-11-28T00:41:43.234Z] Checked if tokens are valid: true, expires at: 1732757266221
[debug] [2024-11-28T00:41:43.235Z] >>> [apiv2][query] GET https://firebase.googleapis.com/v1beta1/projects pageSize=100
[debug] [2024-11-28T00:41:44.387Z] <<< [apiv2][status] GET https://firebase.googleapis.com/v1beta1/projects 200
[debug] [2024-11-28T00:41:44.387Z] <<< [apiv2][body] GET https://firebase.googleapis.com/v1beta1/projects [omitted]
[info] i  Using project mcqs-c8a86 (MCQs) 
[info] 
=== Hosting Setup
[debug] [2024-11-28T00:41:45.962Z] Checked if tokens are valid: true, expires at: 1732757266221
[debug] [2024-11-28T00:41:45.962Z] Checked if tokens are valid: true, expires at: 1732757266221
[debug] [2024-11-28T00:41:45.963Z] >>> [apiv2][query] GET https://firebase.googleapis.com/v1beta1/projects/mcqs-c8a86 [none]
[debug] [2024-11-28T00:41:46.551Z] <<< [apiv2][status] GET https://firebase.googleapis.com/v1beta1/projects/mcqs-c8a86 200
[debug] [2024-11-28T00:41:46.551Z] <<< [apiv2][body] GET https://firebase.googleapis.com/v1beta1/projects/mcqs-c8a86 {"projectId":"mcqs-c8a86","projectNumber":"392360539739","displayName":"MCQs","name":"projects/mcqs-c8a86","resources":{"hostingSite":"mcqs-c8a86"},"state":"ACTIVE","etag":"1_c4a2711a-7275-4920-b8b7-d2ada15cd375"}
[info] 
[info] Your public directory is the folder (relative to your project directory) that
[info] will contain Hosting assets to be uploaded with firebase deploy. If you
[info] have a build process for your assets, use your build's output directory.
[info] 
[debug] [2024-11-28T00:43:39.024Z] >>> [apiv2][query] GET https://www.gstatic.com/firebasejs/releases.json [none]
[debug] [2024-11-28T00:43:39.237Z] <<< [apiv2][status] GET https://www.gstatic.com/firebasejs/releases.json 200
[debug] [2024-11-28T00:43:39.237Z] <<< [apiv2][body] GET https://www.gstatic.com/firebasejs/releases.json {"current":{"version":"11.0.2","browserURL":"https://www.gstatic.com/firebasejs/11.0.2/firebase.js","packageURL":"https://www.gstatic.com/firebasejs/11.0.2/firebase.tgz"},"live":{"version":"11.0","browserURL":"https://www.gstatic.com/firebasejs/live/11.0/firebase.js","packageURL":"https://www.gstatic.com/firebasejs/live/11.0/firebase.tgz"},"components":{"analytics":"https://www.gstatic.com/firebasejs/11.0.2/firebase-analytics.js","app":"https://www.gstatic.com/firebasejs/11.0.2/firebase-app.js","app-check":"https://www.gstatic.com/firebasejs/11.0.2/firebase-app-check.js","auth":"https://www.gstatic.com/firebasejs/11.0.2/firebase-auth.js","auth/cordova":"https://www.gstatic.com/firebasejs/11.0.2/firebase-auth/cordova.js","auth/web-extension":"https://www.gstatic.com/firebasejs/11.0.2/firebase-auth/web-extension.js","functions":"https://www.gstatic.com/firebasejs/11.0.2/firebase-functions.js","firestore":"https://www.gstatic.com/firebasejs/11.0.2/firebase-firestore.js","firestore/lite":"https://www.gstatic.com/firebasejs/11.0.2/firebase-firestore/lite.js","installations":"https://www.gstatic.com/firebasejs/11.0.2/firebase-installations.js","storage":"https://www.gstatic.com/firebasejs/11.0.2/firebase-storage.js","performance":"https://www.gstatic.com/firebasejs/11.0.2/firebase-performance.js","remote-config":"https://www.gstatic.com/firebasejs/11.0.2/firebase-remote-config.js","messaging":"https://www.gstatic.com/firebasejs/11.0.2/firebase-messaging.js","messaging/sw":"https://www.gstatic.com/firebasejs/11.0.2/firebase-messaging/sw.js","database":"https://www.gstatic.com/firebasejs/11.0.2/firebase-database.js","vertexai":"https://www.gstatic.com/firebasejs/11.0.2/firebase-vertexai.js","data-connect":"https://www.gstatic.com/firebasejs/11.0.2/firebase-data-connect.js","firestore.memory":"https://www.gstatic.com/firebasejs/11.0.2/firebase-firestore.memory.js"}}
[info] +  Wrote MyQz/index.html 
[info] 
[info] i  Didn't detect a .git folder. Assuming C:\Users\DEEPA\Desktop\MyQz is the project root. 
[info] i  Authorizing with GitHub to upload your service account to a GitHub repository's secrets store. 
[info] 
[info] Visit this URL on this device to log in:
[info] https://github.com/login/oauth/authorize?client_id=89cf50f02ac6aaed3484&state=265557734&redirect_uri=http%3A%2F%2Flocalhost%3A9005&scope=read%3Auser%20repo%20public_repo
[info] 
[info] Waiting for authentication...
[debug] [2024-11-28T00:44:11.822Z] >>> [apiv2][query] POST https://github.com/login/oauth/access_token [none]
[debug] [2024-11-28T00:44:11.822Z] >>> [apiv2][body] POST https://github.com/login/oauth/access_token [stream]
[debug] [2024-11-28T00:44:12.343Z] <<< [apiv2][status] POST https://github.com/login/oauth/access_token 200
[debug] [2024-11-28T00:44:12.343Z] <<< [apiv2][body] POST https://github.com/login/oauth/access_token {"access_token":"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","token_type":"bearer","scope":"read:user,repo"}
[debug] [2024-11-28T00:44:12.353Z] >>> [apiv2][query] GET https://api.github.com/user [none]
[debug] [2024-11-28T00:44:12.876Z] <<< [apiv2][status] GET https://api.github.com/user 200
[debug] [2024-11-28T00:44:12.877Z] <<< [apiv2][body] GET https://api.github.com/user {"login":"XChirxg","id":158815059,"node_id":"U_kgDOCXdTUw","avatar_url":"https://avatars.githubusercontent.com/u/158815059?v=4","gravatar_id":"","url":"https://api.github.com/users/XChirxg","html_url":"https://github.com/XChirxg","followers_url":"https://api.github.com/users/XChirxg/followers","following_url":"https://api.github.com/users/XChirxg/following{/other_user}","gists_url":"https://api.github.com/users/XChirxg/gists{/gist_id}","starred_url":"https://api.github.com/users/XChirxg/starred{/owner}{/repo}","subscriptions_url":"https://api.github.com/users/XChirxg/subscriptions","organizations_url":"https://api.github.com/users/XChirxg/orgs","repos_url":"https://api.github.com/users/XChirxg/repos","events_url":"https://api.github.com/users/XChirxg/events{/privacy}","received_events_url":"https://api.github.com/users/XChirxg/received_events","type":"User","user_view_type":"private","site_admin":false,"name":"XChirxg","company":null,"blog":"","location":null,"email":null,"hireable":null,"bio":"Waiting for Alien","twitter_username":null,"notification_email":null,"public_repos":4,"public_gists":0,"followers":0,"following":1,"created_at":"2024-02-04T10:49:35Z","updated_at":"2024-11-17T06:08:26Z","private_gists":0,"total_private_repos":0,"owned_private_repos":0,"disk_usage":13563,"collaborators":0,"two_factor_authentication":false,"plan":{"name":"free","space":976562499,"collaborators":0,"private_repos":10000}}
[info] 
[info] +  Success! Logged into GitHub as XChirxg 
[info] 
